<?xml version="1.0" encoding="UTF-8"?>
<!-- Generated by org.testng.reporters.JUnitReportReporter -->
<testsuite skipped="0" hostname="DESKTOP-L5HV6AU" name="com.ProjectName.TestCases.TC1_LoginTest" tests="1" failures="0" timestamp="2020-06-12T10:52:25 CDT" time="3.455" errors="0">
  <testcase name="loginTest" time="3.455" classname="com.ProjectName.TestCases.TC1_LoginTest"/>
  <system-out/>
</testsuite> <!-- com.ProjectName.TestCases.TC1_LoginTest -->
